INFO 2025-07-26 00:27:25,345 autoreload 26441 8211954368 Watching for file changes with StatReloader
ERROR 2025-08-15 21:04:28,904 exception 9554 8600238784 Invalid HTTP_HOST header: 'testserver'. You may need to add 'testserver' to ALLOWED_HOSTS.
Traceback (most recent call last):
  File "/Library/Frameworks/Python.framework/Versions/3.12/lib/python3.12/site-packages/django/core/handlers/exception.py", line 55, in inner
    response = get_response(request)
               ^^^^^^^^^^^^^^^^^^^^^
  File "/Library/Frameworks/Python.framework/Versions/3.12/lib/python3.12/site-packages/django/utils/deprecation.py", line 133, in __call__
    response = self.process_request(request)
               ^^^^^^^^^^^^^^^^^^^^^^^^^^^^^
  File "/Library/Frameworks/Python.framework/Versions/3.12/lib/python3.12/site-packages/django/middleware/common.py", line 48, in process_request
    host = request.get_host()
           ^^^^^^^^^^^^^^^^^^
  File "/Library/Frameworks/Python.framework/Versions/3.12/lib/python3.12/site-packages/django/http/request.py", line 151, in get_host
    raise DisallowedHost(msg)
django.core.exceptions.DisallowedHost: Invalid HTTP_HOST header: 'testserver'. You may need to add 'testserver' to ALLOWED_HOSTS.
WARNING 2025-08-15 21:04:28,990 log 9554 8600238784 Bad Request: /admin/
ERROR 2025-08-15 21:04:28,990 exception 9554 8600238784 Invalid HTTP_HOST header: 'testserver'. You may need to add 'testserver' to ALLOWED_HOSTS.
Traceback (most recent call last):
  File "/Library/Frameworks/Python.framework/Versions/3.12/lib/python3.12/site-packages/django/core/handlers/exception.py", line 55, in inner
    response = get_response(request)
               ^^^^^^^^^^^^^^^^^^^^^
  File "/Library/Frameworks/Python.framework/Versions/3.12/lib/python3.12/site-packages/django/utils/deprecation.py", line 133, in __call__
    response = self.process_request(request)
               ^^^^^^^^^^^^^^^^^^^^^^^^^^^^^
  File "/Library/Frameworks/Python.framework/Versions/3.12/lib/python3.12/site-packages/django/middleware/common.py", line 48, in process_request
    host = request.get_host()
           ^^^^^^^^^^^^^^^^^^
  File "/Library/Frameworks/Python.framework/Versions/3.12/lib/python3.12/site-packages/django/http/request.py", line 151, in get_host
    raise DisallowedHost(msg)
django.core.exceptions.DisallowedHost: Invalid HTTP_HOST header: 'testserver'. You may need to add 'testserver' to ALLOWED_HOSTS.
WARNING 2025-08-15 21:04:29,006 log 9554 8600238784 Bad Request: /admin/login/
INFO 2025-08-16 14:28:20,758 autoreload 22526 8600238784 Watching for file changes with StatReloader
INFO 2025-08-16 14:28:34,034 basehttp 22526 6162313216 "GET / HTTP/1.1" 200 73724
INFO 2025-08-16 14:28:34,120 basehttp 22526 6162313216 "GET /static/assets/fonts/flaticon/flaticon_gowilds.css HTTP/1.1" 200 2519
INFO 2025-08-16 14:28:34,123 basehttp 22526 6179139584 "GET /static/assets/fonts/fontawesome/css/all.min.css HTTP/1.1" 200 173868
INFO 2025-08-16 14:28:34,130 basehttp 22526 6162313216 "GET /static/assets/vendor/nice-select/css/nice-select.css HTTP/1.1" 200 2793
INFO 2025-08-16 14:28:34,130 basehttp 22526 6229618688 "GET /static/assets/vendor/slick/slick.css HTTP/1.1" 200 1981
INFO 2025-08-16 14:28:34,131 basehttp 22526 6212792320 "GET /static/assets/vendor/magnific-popup/dist/magnific-popup.css HTTP/1.1" 200 6951
INFO 2025-08-16 14:28:34,132 basehttp 22526 6246445056 "GET /static/assets/vendor/jquery-ui/jquery-ui.min.css HTTP/1.1" 200 32076
INFO 2025-08-16 14:28:34,132 basehttp 22526 6195965952 "GET /static/assets/vendor/bootstrap/css/bootstrap.min.css HTTP/1.1" 200 220807
INFO 2025-08-16 14:28:34,138 basehttp 22526 6162313216 "GET /static/assets/css/default.css HTTP/1.1" 200 17130
INFO 2025-08-16 14:28:34,139 basehttp 22526 6229618688 "GET /static/assets/vendor/animate.css HTTP/1.1" 200 57095
INFO 2025-08-16 14:28:34,140 basehttp 22526 6179139584 "GET /static/assets/css/style.css HTTP/1.1" 200 139634
INFO 2025-08-16 14:28:34,145 basehttp 22526 6229618688 "GET /static/assets/images/logo/websitelogo.png HTTP/1.1" 200 72639
INFO 2025-08-16 14:28:34,146 basehttp 22526 6162313216 "GET /static/assets/vendor/jquery-3.6.0.min.js HTTP/1.1" 200 89501
INFO 2025-08-16 14:28:34,148 basehttp 22526 6179139584 "GET /static/assets/vendor/popper/popper.min.js HTTP/1.1" 200 20101
INFO 2025-08-16 14:28:34,148 basehttp 22526 6246445056 "GET /static/assets/vendor/slick/slick.min.js HTTP/1.1" 200 42863
INFO 2025-08-16 14:28:34,150 basehttp 22526 6195965952 "GET /static/assets/vendor/bootstrap/js/bootstrap.min.js HTTP/1.1" 200 60554
INFO 2025-08-16 14:28:34,152 basehttp 22526 6246445056 "GET /static/assets/vendor/wow.min.js HTTP/1.1" 200 8155
INFO 2025-08-16 14:28:34,152 basehttp 22526 6195965952 "GET /static/assets/js/theme.js HTTP/1.1" 200 19568
INFO 2025-08-16 14:28:34,154 basehttp 22526 6246445056 "GET /static/assets/vendor/magnific-popup/dist/jquery.magnific-popup.min.js HTTP/1.1" 200 20216
INFO 2025-08-16 14:28:34,155 basehttp 22526 6195965952 "GET /static/assets/vendor/isotope.min.js HTTP/1.1" 200 35456
INFO 2025-08-16 14:28:34,155 basehttp 22526 6246445056 "GET /static/assets/vendor/imagesloaded.min.js HTTP/1.1" 200 5594
INFO 2025-08-16 14:28:34,156 basehttp 22526 6195965952 "GET /static/assets/vendor/jquery.counterup.min.js HTTP/1.1" 200 2181
INFO 2025-08-16 14:28:34,156 basehttp 22526 6246445056 "GET /static/assets/vendor/jquery.waypoints.js HTTP/1.1" 200 17946
INFO 2025-08-16 14:28:34,157 basehttp 22526 6195965952 "GET /static/assets/vendor/nice-select/js/jquery.nice-select.min.js HTTP/1.1" 200 2942
INFO 2025-08-16 14:28:34,160 basehttp 22526 6195965952 "GET /static/assets/vendor/jquery-ui/jquery-ui.min.js HTTP/1.1" 200 253669
INFO 2025-08-16 14:28:34,698 basehttp 22526 6246445056 "GET /static/assets/fonts/fontawesome/webfonts/fa-solid-900.woff2 HTTP/1.1" 200 140704
INFO 2025-08-16 14:28:34,699 basehttp 22526 6195965952 "GET /static/assets/fonts/fontawesome/webfonts/fa-regular-400.woff2 HTTP/1.1" 200 173220
INFO 2025-08-16 14:28:36,832 basehttp 22526 6195965952 "GET /static/assets/images/favicon_io/favicon-32x32.png HTTP/1.1" 200 830
INFO 2025-08-16 14:28:36,833 basehttp 22526 6263271424 "GET /static/assets/images/favicon_io/site.webmanifest HTTP/1.1" 200 263
INFO 2025-08-16 14:28:40,860 basehttp 22526 6162313216 "GET / HTTP/1.1" 200 73724
INFO 2025-08-16 14:28:41,538 basehttp 22526 6162313216 "GET / HTTP/1.1" 200 73724
INFO 2025-08-16 14:28:48,963 basehttp 22526 6162313216 "GET /font-test/ HTTP/1.1" 200 9140
INFO 2025-08-16 14:28:49,049 basehttp 22526 6162313216 "GET /static/css/tan-garland-fonts.css HTTP/1.1" 200 1128
INFO 2025-08-16 14:28:49,101 basehttp 22526 6162313216 "GET /static/fonts/TAN-Garland-Regular.woff2 HTTP/1.1" 200 22380
INFO 2025-08-16 14:28:54,170 basehttp 22526 6162313216 "GET /font-test/ HTTP/1.1" 200 9140
INFO 2025-08-16 14:28:57,284 basehttp 22526 6162313216 "GET / HTTP/1.1" 200 73724
INFO 2025-08-16 14:33:49,644 autoreload 22693 8600238784 Watching for file changes with StatReloader
INFO 2025-08-16 14:34:11,988 basehttp 22693 6157250560 "GET / HTTP/1.1" 200 73875
INFO 2025-08-16 14:34:12,294 basehttp 22693 6174076928 "GET /static/assets/fonts/flaticon/flaticon_gowilds.css HTTP/1.1" 200 2519
INFO 2025-08-16 14:34:12,295 basehttp 22693 6157250560 "GET /static/css/tan-garland-fonts.css HTTP/1.1" 200 1128
INFO 2025-08-16 14:34:12,296 basehttp 22693 6224556032 "GET /static/assets/vendor/magnific-popup/dist/magnific-popup.css HTTP/1.1" 200 6951
INFO 2025-08-16 14:34:12,299 basehttp 22693 6241382400 "GET /static/assets/vendor/slick/slick.css HTTP/1.1" 200 1981
INFO 2025-08-16 14:34:12,305 basehttp 22693 6174076928 "GET /static/assets/vendor/nice-select/css/nice-select.css HTTP/1.1" 200 2793
INFO 2025-08-16 14:34:12,309 basehttp 22693 6224556032 "GET /static/assets/css/default.css HTTP/1.1" 200 17130
INFO 2025-08-16 14:34:12,311 basehttp 22693 6241382400 "GET /static/assets/vendor/jquery-ui/jquery-ui.min.css HTTP/1.1" 200 32076
INFO 2025-08-16 14:34:12,314 basehttp 22693 6157250560 "GET /static/assets/vendor/animate.css HTTP/1.1" 200 57095
INFO 2025-08-16 14:34:12,319 basehttp 22693 6190903296 "GET /static/assets/fonts/fontawesome/css/all.min.css HTTP/1.1" 200 173868
INFO 2025-08-16 14:34:12,324 basehttp 22693 6157250560 "GET /static/assets/vendor/popper/popper.min.js HTTP/1.1" 200 20101
INFO 2025-08-16 14:34:12,326 basehttp 22693 6241382400 "GET /static/assets/vendor/jquery-3.6.0.min.js HTTP/1.1" 200 89501
INFO 2025-08-16 14:34:12,328 basehttp 22693 6207729664 "GET /static/assets/vendor/bootstrap/css/bootstrap.min.css HTTP/1.1" 200 220807
INFO 2025-08-16 14:34:12,330 basehttp 22693 6224556032 "GET /static/assets/images/logo/websitelogo.png HTTP/1.1" 200 72639
INFO 2025-08-16 14:34:12,332 basehttp 22693 6190903296 "GET /static/assets/vendor/bootstrap/js/bootstrap.min.js HTTP/1.1" 200 60554
INFO 2025-08-16 14:34:12,334 basehttp 22693 6174076928 "GET /static/assets/css/style.css HTTP/1.1" 200 139634
INFO 2025-08-16 14:34:12,337 basehttp 22693 6207729664 "GET /static/assets/js/theme.js HTTP/1.1" 200 19568
INFO 2025-08-16 14:34:12,338 basehttp 22693 6174076928 "GET /static/assets/vendor/imagesloaded.min.js HTTP/1.1" 200 5594
INFO 2025-08-16 14:34:12,338 basehttp 22693 6241382400 "GET /static/assets/vendor/wow.min.js HTTP/1.1" 200 8155
INFO 2025-08-16 14:34:12,343 basehttp 22693 6190903296 "GET /static/assets/vendor/isotope.min.js HTTP/1.1" 200 35456
INFO 2025-08-16 14:34:12,343 basehttp 22693 6157250560 "GET /static/assets/vendor/slick/slick.min.js HTTP/1.1" 200 42863
INFO 2025-08-16 14:34:12,345 basehttp 22693 6224556032 "GET /static/assets/vendor/magnific-popup/dist/jquery.magnific-popup.min.js HTTP/1.1" 200 20216
INFO 2025-08-16 14:34:12,346 basehttp 22693 6174076928 "GET /static/assets/vendor/nice-select/js/jquery.nice-select.min.js HTTP/1.1" 200 2942
INFO 2025-08-16 14:34:12,347 basehttp 22693 6241382400 "GET /static/assets/vendor/jquery.counterup.min.js HTTP/1.1" 200 2181
INFO 2025-08-16 14:34:12,348 basehttp 22693 6207729664 "GET /static/assets/vendor/jquery.waypoints.js HTTP/1.1" 200 17946
INFO 2025-08-16 14:34:12,352 basehttp 22693 6190903296 "GET /static/assets/vendor/jquery-ui/jquery-ui.min.js HTTP/1.1" 200 253669
INFO 2025-08-16 14:34:12,841 basehttp 22693 6241382400 "GET /static/fonts/TAN-Garland-Regular.woff2 HTTP/1.1" 200 22380
INFO 2025-08-16 14:34:12,844 basehttp 22693 6190903296 "GET /static/assets/fonts/fontawesome/webfonts/fa-regular-400.woff2 HTTP/1.1" 200 173220
INFO 2025-08-16 14:34:12,844 basehttp 22693 6207729664 "GET /static/assets/fonts/fontawesome/webfonts/fa-solid-900.woff2 HTTP/1.1" 200 140704
INFO 2025-08-16 14:34:14,127 basehttp 22693 6207729664 "GET /static/assets/images/favicon_io/favicon-32x32.png HTTP/1.1" 200 830
INFO 2025-08-16 14:34:14,128 basehttp 22693 6258208768 "GET /static/assets/images/favicon_io/site.webmanifest HTTP/1.1" 200 263
INFO 2025-08-16 14:35:15,476 basehttp 22693 6157250560 "GET /font-test/ HTTP/1.1" 200 9140
INFO 2025-08-16 14:35:15,881 basehttp 22693 6157250560 "GET /static/css/tan-garland-fonts.css HTTP/1.1" 304 0
